17:32:09.008 [main] INFO  org.apache.logging.log4j.Logger - Starting JustDial homepage automation.......................
17:32:11.596 [main] INFO  org.apache.logging.log4j.Logger - Reached JustDial homepage automation.......................
17:32:14.386 [main] INFO  org.apache.logging.log4j.Logger - Location detected.......................
17:32:20.880 [main] INFO  org.apache.logging.log4j.Logger - Reached JustDial carwashing at current location.......................
17:32:28.346 [main] INFO  org.apache.logging.log4j.Logger - Filters are applied.......................
17:32:53.390 [main] INFO  org.apache.logging.log4j.Logger - Completed CarWashServicePage homepage automation.......................
17:33:14.740 [main] INFO  org.apache.logging.log4j.Logger - Starting Freelisting homepage automation.......................
17:33:22.603 [main] INFO  org.apache.logging.log4j.Logger - Reached on Freee listing page.......................
17:33:28.715 [main] INFO  org.apache.logging.log4j.Logger - Sent the phone no. input.......................
17:33:29.431 [main] INFO  org.apache.logging.log4j.Logger - Error message captured.......................
17:33:29.528 [main] INFO  org.apache.logging.log4j.Logger - Completed Freelisting homepage automation.......................
17:33:46.133 [main] INFO  org.apache.logging.log4j.Logger - Starting gym homepage automation.......................
17:33:50.074 [main] INFO  org.apache.logging.log4j.Logger - Went to Gym listing page.......................
17:34:36.682 [main] INFO  org.apache.logging.log4j.Logger - Completed gym homepage automation.......................
17:37:20.177 [main] INFO  org.apache.logging.log4j.Logger - Starting gym homepage automation.......................
17:37:24.754 [main] INFO  org.apache.logging.log4j.Logger - Went to Gym listing page.......................
17:38:11.395 [main] INFO  org.apache.logging.log4j.Logger - Completed gym homepage automation.......................
17:40:24.226 [main] INFO  org.apache.logging.log4j.Logger - Starting gym homepage automation.......................
17:40:24.696 [main] INFO  org.apache.logging.log4j.Logger - Went to Gym listing page.......................
17:40:44.608 [main] INFO  org.apache.logging.log4j.Logger - Completed gym homepage automation.......................
17:42:35.373 [main] INFO  org.apache.logging.log4j.Logger - Starting JustDial homepage automation.......................
17:42:40.370 [main] INFO  org.apache.logging.log4j.Logger - Reached JustDial homepage automation.......................
17:42:42.915 [main] INFO  org.apache.logging.log4j.Logger - Location detected.......................
17:42:48.997 [main] INFO  org.apache.logging.log4j.Logger - Reached JustDial carwashing at current location.......................
17:42:57.012 [main] INFO  org.apache.logging.log4j.Logger - Filters are applied.......................
17:43:22.606 [main] INFO  org.apache.logging.log4j.Logger - Completed CarWashServicePage homepage automation.......................
17:43:41.420 [main] INFO  org.apache.logging.log4j.Logger - Starting Freelisting homepage automation.......................
17:43:48.630 [main] INFO  org.apache.logging.log4j.Logger - Reached on Freee listing page.......................
17:43:54.694 [main] INFO  org.apache.logging.log4j.Logger - Sent the phone no. input.......................
17:43:55.185 [main] INFO  org.apache.logging.log4j.Logger - Error message captured.......................
17:43:55.294 [main] INFO  org.apache.logging.log4j.Logger - Completed Freelisting homepage automation.......................
17:44:13.547 [main] INFO  org.apache.logging.log4j.Logger - Starting gym homepage automation.......................
17:44:14.199 [main] INFO  org.apache.logging.log4j.Logger - Went to Gym listing page.......................
17:45:01.379 [main] INFO  org.apache.logging.log4j.Logger - Completed gym homepage automation.......................
17:45:51.025 [main] INFO  org.apache.logging.log4j.Logger - Starting gym homepage automation.......................
17:45:56.861 [main] INFO  org.apache.logging.log4j.Logger - Went to Gym listing page.......................
17:46:17.496 [main] INFO  org.apache.logging.log4j.Logger - Completed gym homepage automation.......................
17:50:30.804 [main] INFO  org.apache.logging.log4j.Logger - Starting JustDial homepage automation.......................
17:50:33.950 [main] INFO  org.apache.logging.log4j.Logger - Reached JustDial homepage automation.......................
17:50:35.721 [main] INFO  org.apache.logging.log4j.Logger - Location detected.......................
17:51:51.796 [main] INFO  org.apache.logging.log4j.Logger - Starting JustDial homepage automation.......................
17:51:56.404 [main] INFO  org.apache.logging.log4j.Logger - Reached JustDial homepage automation.......................
17:51:59.721 [main] INFO  org.apache.logging.log4j.Logger - Location detected.......................
17:52:19.022 [main] INFO  org.apache.logging.log4j.Logger - Reached JustDial carwashing at current location.......................
