15:10:17.681 [main] INFO  org.apache.logging.log4j.Logger - Starting Freelisting homepage automation.......................
15:10:24.030 [main] INFO  org.apache.logging.log4j.Logger - Reached on Freee listing page.......................
15:10:30.046 [main] INFO  org.apache.logging.log4j.Logger - Sent the phone no. input.......................
15:10:30.575 [main] INFO  org.apache.logging.log4j.Logger - Error message captured.......................
15:10:30.661 [main] INFO  org.apache.logging.log4j.Logger - Completed Freelisting homepage automation.......................
15:10:45.892 [main] INFO  org.apache.logging.log4j.Logger - Starting gym homepage automation.......................
15:10:49.585 [main] INFO  org.apache.logging.log4j.Logger - Went to Gym listing page.......................
15:11:03.403 [main] INFO  org.apache.logging.log4j.Logger - Completed gym homepage automation.......................
15:16:08.310 [main] INFO  org.apache.logging.log4j.Logger - Starting JustDial homepage automation.......................
15:16:11.240 [main] INFO  org.apache.logging.log4j.Logger - Reached JustDial homepage automation.......................
15:16:14.317 [main] INFO  org.apache.logging.log4j.Logger - Location detected.......................
15:16:21.191 [main] INFO  org.apache.logging.log4j.Logger - Reached JustDial carwashing at current location.......................
15:16:29.966 [main] INFO  org.apache.logging.log4j.Logger - Filters are applied.......................
15:17:01.963 [main] INFO  org.apache.logging.log4j.Logger - Completed CarWashServicePage homepage automation.......................
15:17:29.099 [main] INFO  org.apache.logging.log4j.Logger - Starting Freelisting homepage automation.......................
15:17:33.915 [main] INFO  org.apache.logging.log4j.Logger - Reached on Freee listing page.......................
15:17:40.505 [main] INFO  org.apache.logging.log4j.Logger - Sent the phone no. input.......................
15:17:41.392 [main] INFO  org.apache.logging.log4j.Logger - Error message captured.......................
15:17:41.535 [main] INFO  org.apache.logging.log4j.Logger - Completed Freelisting homepage automation.......................
15:18:02.939 [main] INFO  org.apache.logging.log4j.Logger - Starting gym homepage automation.......................
15:18:04.849 [main] INFO  org.apache.logging.log4j.Logger - Went to Gym listing page.......................
15:18:19.479 [main] INFO  org.apache.logging.log4j.Logger - Completed gym homepage automation.......................
13:10:45.668 [main] INFO  org.apache.logging.log4j.Logger - Starting JustDial homepage automation.......................
13:10:47.953 [main] INFO  org.apache.logging.log4j.Logger - Reached JustDial homepage automation.......................
13:10:52.428 [main] INFO  org.apache.logging.log4j.Logger - Location detected.......................
13:10:59.505 [main] INFO  org.apache.logging.log4j.Logger - Reached JustDial carwashing at current location.......................
13:11:07.896 [main] INFO  org.apache.logging.log4j.Logger - Filters are applied.......................
13:11:34.805 [main] INFO  org.apache.logging.log4j.Logger - Completed CarWashServicePage homepage automation.......................
13:12:07.695 [main] INFO  org.apache.logging.log4j.Logger - Starting Freelisting homepage automation.......................
13:23:25.039 [main] INFO  org.apache.logging.log4j.Logger - Starting JustDial homepage automation.......................
13:23:28.102 [main] INFO  org.apache.logging.log4j.Logger - Reached JustDial homepage automation.......................
13:23:30.302 [main] INFO  org.apache.logging.log4j.Logger - Location detected.......................
13:23:36.475 [main] INFO  org.apache.logging.log4j.Logger - Reached JustDial carwashing at current location.......................
13:23:44.992 [main] INFO  org.apache.logging.log4j.Logger - Filters are applied.......................
13:24:07.939 [main] INFO  org.apache.logging.log4j.Logger - Completed CarWashServicePage homepage automation.......................
13:24:26.091 [main] INFO  org.apache.logging.log4j.Logger - Starting Freelisting homepage automation.......................
13:24:33.910 [main] INFO  org.apache.logging.log4j.Logger - Reached on Freee listing page.......................
13:24:39.972 [main] INFO  org.apache.logging.log4j.Logger - Sent the phone no. input.......................
13:24:40.699 [main] INFO  org.apache.logging.log4j.Logger - Error message captured.......................
13:24:40.789 [main] INFO  org.apache.logging.log4j.Logger - Completed Freelisting homepage automation.......................
13:24:55.226 [main] INFO  org.apache.logging.log4j.Logger - Starting gym homepage automation.......................
13:24:59.963 [main] INFO  org.apache.logging.log4j.Logger - Went to Gym listing page.......................
13:25:11.133 [main] INFO  org.apache.logging.log4j.Logger - Completed gym homepage automation.......................
