00:32:28.074 [main] INFO  org.apache.logging.log4j.Logger - Location detected.......................
00:32:39.264 [main] INFO  org.apache.logging.log4j.Logger - Reached JustDial carwashing at current location.......................
00:33:15.200 [main] INFO  org.apache.logging.log4j.Logger - Starting Freelisting homepage automation.......................
00:33:36.259 [main] INFO  org.apache.logging.log4j.Logger - Reached on Freee listing page.......................
00:35:31.110 [main] INFO  org.apache.logging.log4j.Logger - Starting JustDial homepage automation.......................
00:35:36.023 [main] INFO  org.apache.logging.log4j.Logger - Reached JustDial homepage automation.......................
00:35:43.070 [main] INFO  org.apache.logging.log4j.Logger - Location detected.......................
00:35:54.503 [main] INFO  org.apache.logging.log4j.Logger - Reached JustDial carwashing at current location.......................
00:36:07.196 [main] INFO  org.apache.logging.log4j.Logger - Filters are applied.......................
00:40:20.651 [main] INFO  org.apache.logging.log4j.Logger - Starting JustDial homepage automation.......................
00:40:22.184 [main] INFO  org.apache.logging.log4j.Logger - Reached JustDial homepage automation.......................
00:40:29.093 [main] INFO  org.apache.logging.log4j.Logger - Location detected.......................
00:40:40.711 [main] INFO  org.apache.logging.log4j.Logger - Reached JustDial carwashing at current location.......................
00:41:17.927 [main] INFO  org.apache.logging.log4j.Logger - Starting Freelisting homepage automation.......................
00:41:38.701 [main] INFO  org.apache.logging.log4j.Logger - Reached on Freee listing page.......................
00:53:09.688 [main] INFO  org.apache.logging.log4j.Logger - Starting JustDial homepage automation.......................
00:53:13.841 [main] INFO  org.apache.logging.log4j.Logger - Reached JustDial homepage automation.......................
00:53:20.160 [main] INFO  org.apache.logging.log4j.Logger - Location detected.......................
00:53:31.153 [main] INFO  org.apache.logging.log4j.Logger - Reached JustDial carwashing at current location.......................
00:54:52.427 [main] INFO  org.apache.logging.log4j.Logger - Starting JustDial homepage automation.......................
00:54:57.022 [main] INFO  org.apache.logging.log4j.Logger - Reached JustDial homepage automation.......................
00:55:03.574 [main] INFO  org.apache.logging.log4j.Logger - Location detected.......................
00:55:14.998 [main] INFO  org.apache.logging.log4j.Logger - Reached JustDial carwashing at current location.......................
00:55:26.795 [main] INFO  org.apache.logging.log4j.Logger - Filters are applied.......................
00:56:00.205 [main] INFO  org.apache.logging.log4j.Logger - Completed CarWashServicePage homepage automation.......................
00:56:27.447 [main] INFO  org.apache.logging.log4j.Logger - Starting Freelisting homepage automation.......................
00:56:34.291 [main] INFO  org.apache.logging.log4j.Logger - Reached on Freee listing page.......................
00:56:35.229 [main] INFO  org.apache.logging.log4j.Logger - Sent the phone no. input.......................
00:56:38.206 [main] INFO  org.apache.logging.log4j.Logger - Error message captured.......................
00:56:38.207 [main] INFO  org.apache.logging.log4j.Logger - Completed Freelisting homepage automation.......................
00:57:05.471 [main] INFO  org.apache.logging.log4j.Logger - Starting gym homepage automation.......................
00:57:08.415 [main] INFO  org.apache.logging.log4j.Logger - Went to Gym listing page.......................
00:59:39.827 [main] INFO  org.apache.logging.log4j.Logger - Starting JustDial homepage automation.......................
00:59:44.611 [main] INFO  org.apache.logging.log4j.Logger - Reached JustDial homepage automation.......................
00:59:50.922 [main] INFO  org.apache.logging.log4j.Logger - Location detected.......................
01:00:01.938 [main] INFO  org.apache.logging.log4j.Logger - Reached JustDial carwashing at current location.......................
01:00:17.353 [main] INFO  org.apache.logging.log4j.Logger - Filters are applied.......................
01:00:50.459 [main] INFO  org.apache.logging.log4j.Logger - Completed CarWashServicePage homepage automation.......................
01:01:09.553 [main] INFO  org.apache.logging.log4j.Logger - Starting Freelisting homepage automation.......................
01:01:15.668 [main] INFO  org.apache.logging.log4j.Logger - Reached on Freee listing page.......................
01:01:16.315 [main] INFO  org.apache.logging.log4j.Logger - Sent the phone no. input.......................
01:01:18.849 [main] INFO  org.apache.logging.log4j.Logger - Error message captured.......................
01:01:18.849 [main] INFO  org.apache.logging.log4j.Logger - Completed Freelisting homepage automation.......................
