16:47:24.125 [main] INFO  org.apache.logging.log4j.Logger - Reached on Freee listing page.......................
16:47:30.144 [main] INFO  org.apache.logging.log4j.Logger - Sent the phone no. input.......................
16:47:32.684 [main] INFO  org.apache.logging.log4j.Logger - Error message captured.......................
16:47:34.930 [main] INFO  org.apache.logging.log4j.Logger - Completed Freelisting homepage automation.......................
16:49:49.886 [main] INFO  org.apache.logging.log4j.Logger - Starting Freelisting homepage automation.......................
16:49:52.381 [main] INFO  org.apache.logging.log4j.Logger - Reached on Freee listing page.......................
16:49:58.349 [main] INFO  org.apache.logging.log4j.Logger - Sent the phone no. input.......................
16:50:00.891 [main] INFO  org.apache.logging.log4j.Logger - Error message captured.......................
16:50:02.884 [main] INFO  org.apache.logging.log4j.Logger - Completed Freelisting homepage automation.......................
16:56:07.790 [main] INFO  org.apache.logging.log4j.Logger - Starting Freelisting homepage automation.......................
16:56:14.572 [main] INFO  org.apache.logging.log4j.Logger - Reached on Freee listing page.......................
16:56:20.524 [main] INFO  org.apache.logging.log4j.Logger - Sent the phone no. input.......................
16:56:23.019 [main] INFO  org.apache.logging.log4j.Logger - Error message captured.......................
16:56:25.107 [main] INFO  org.apache.logging.log4j.Logger - Completed Freelisting homepage automation.......................
17:03:28.760 [main] INFO  org.apache.logging.log4j.Logger - Starting JustDial homepage automation.......................
17:04:37.956 [main] INFO  org.apache.logging.log4j.Logger - Starting Freelisting homepage automation.......................
17:06:36.250 [main] INFO  org.apache.logging.log4j.Logger - Starting JustDial homepage automation.......................
17:06:37.153 [main] INFO  org.apache.logging.log4j.Logger - Reached JustDial homepage automation.......................
17:06:54.221 [main] INFO  org.apache.logging.log4j.Logger - Location detected.......................
17:07:05.280 [main] INFO  org.apache.logging.log4j.Logger - Reached JustDial carwashing at current location.......................
17:07:17.864 [main] INFO  org.apache.logging.log4j.Logger - Starting Freelisting homepage automation.......................
17:07:28.357 [main] INFO  org.apache.logging.log4j.Logger - Reached on Freee listing page.......................
17:07:34.625 [main] INFO  org.apache.logging.log4j.Logger - Sent the phone no. input.......................
17:07:37.181 [main] INFO  org.apache.logging.log4j.Logger - Error message captured.......................
17:07:39.447 [main] INFO  org.apache.logging.log4j.Logger - Completed Freelisting homepage automation.......................
17:16:57.699 [main] INFO  org.apache.logging.log4j.Logger - Starting JustDial homepage automation.......................
17:17:02.925 [main] INFO  org.apache.logging.log4j.Logger - Reached JustDial homepage automation.......................
17:17:09.612 [main] INFO  org.apache.logging.log4j.Logger - Location detected.......................
17:17:20.553 [main] INFO  org.apache.logging.log4j.Logger - Reached JustDial carwashing at current location.......................
17:17:44.295 [main] INFO  org.apache.logging.log4j.Logger - Starting Freelisting homepage automation.......................
17:17:52.768 [main] INFO  org.apache.logging.log4j.Logger - Reached on Freee listing page.......................
17:17:58.618 [main] INFO  org.apache.logging.log4j.Logger - Sent the phone no. input.......................
17:18:01.086 [main] INFO  org.apache.logging.log4j.Logger - Error message captured.......................
17:18:02.883 [main] INFO  org.apache.logging.log4j.Logger - Completed Freelisting homepage automation.......................
17:18:15.288 [main] INFO  org.apache.logging.log4j.Logger - Starting gym homepage automation.......................
17:18:20.869 [main] INFO  org.apache.logging.log4j.Logger - Went to Gym listing page.......................
17:18:37.227 [main] INFO  org.apache.logging.log4j.Logger - Completed gym homepage automation.......................
17:21:54.009 [main] INFO  org.apache.logging.log4j.Logger - Starting JustDial homepage automation.......................
17:21:57.100 [main] INFO  org.apache.logging.log4j.Logger - Reached JustDial homepage automation.......................
17:22:03.667 [main] INFO  org.apache.logging.log4j.Logger - Location detected.......................
17:22:15.009 [main] INFO  org.apache.logging.log4j.Logger - Reached JustDial carwashing at current location.......................
17:22:46.522 [main] INFO  org.apache.logging.log4j.Logger - Starting Freelisting homepage automation.......................
17:22:52.033 [main] INFO  org.apache.logging.log4j.Logger - Reached on Freee listing page.......................
