15:20:14.042 [main] INFO  org.apache.logging.log4j.Logger - Went to Gym listing page.......................
15:20:26.102 [main] INFO  org.apache.logging.log4j.Logger - Completed gym homepage automation.......................
15:33:17.617 [TestNG-tests-1] INFO  org.apache.logging.log4j.Logger - Starting Freelisting homepage automation.......................
15:33:17.615 [TestNG-tests-2] INFO  org.apache.logging.log4j.Logger - Starting Freelisting homepage automation.......................
15:33:25.537 [TestNG-tests-2] INFO  org.apache.logging.log4j.Logger - Reached on Freee listing page.......................
15:33:48.341 [TestNG-tests-1] INFO  org.apache.logging.log4j.Logger - Starting gym homepage automation.......................
15:33:53.517 [TestNG-tests-1] INFO  org.apache.logging.log4j.Logger - Went to Gym listing page.......................
15:34:11.801 [TestNG-tests-2] INFO  org.apache.logging.log4j.Logger - Starting gym homepage automation.......................
15:34:13.097 [TestNG-tests-2] INFO  org.apache.logging.log4j.Logger - Went to Gym listing page.......................
15:37:37.654 [TestNG-tests-2] INFO  org.apache.logging.log4j.Logger - Starting JustDial homepage automation.......................
15:37:37.748 [TestNG-tests-1] INFO  org.apache.logging.log4j.Logger - Starting JustDial homepage automation.......................
15:37:47.907 [TestNG-tests-1] INFO  org.apache.logging.log4j.Logger - Reached JustDial homepage automation.......................
15:38:02.113 [TestNG-tests-2] INFO  org.apache.logging.log4j.Logger - Sent the phone no. input.......................
15:38:04.950 [TestNG-tests-1] INFO  org.apache.logging.log4j.Logger - Sent the phone no. input.......................
15:38:06.786 [TestNG-tests-2] INFO  org.apache.logging.log4j.Logger - Error message captured.......................
15:38:09.815 [TestNG-tests-1] INFO  org.apache.logging.log4j.Logger - Error message captured.......................
15:39:02.177 [TestNG-tests-2] INFO  org.apache.logging.log4j.Logger - Completed Freelisting homepage automation.......................
15:39:02.187 [TestNG-tests-1] INFO  org.apache.logging.log4j.Logger - Completed Freelisting homepage automation.......................
15:41:54.432 [main] INFO  org.apache.logging.log4j.Logger - Starting JustDial homepage automation.......................
15:42:37.905 [main] INFO  org.apache.logging.log4j.Logger - Starting JustDial homepage automation.......................
15:42:43.680 [main] INFO  org.apache.logging.log4j.Logger - Reached JustDial homepage automation.......................
15:42:50.875 [main] INFO  org.apache.logging.log4j.Logger - Location detected.......................
15:43:04.939 [main] INFO  org.apache.logging.log4j.Logger - Reached JustDial carwashing at current location.......................
15:43:13.143 [main] INFO  org.apache.logging.log4j.Logger - Filters are applied.......................
15:43:23.008 [main] INFO  org.apache.logging.log4j.Logger - Completed CarWashServicePage homepage automation.......................
15:43:41.017 [main] INFO  org.apache.logging.log4j.Logger - Starting Freelisting homepage automation.......................
15:43:49.572 [main] INFO  org.apache.logging.log4j.Logger - Reached on Freee listing page.......................
15:43:55.539 [main] INFO  org.apache.logging.log4j.Logger - Sent the phone no. input.......................
15:43:56.144 [main] INFO  org.apache.logging.log4j.Logger - Error message captured.......................
15:43:56.280 [main] INFO  org.apache.logging.log4j.Logger - Completed Freelisting homepage automation.......................
15:44:09.875 [main] INFO  org.apache.logging.log4j.Logger - Starting gym homepage automation.......................
15:44:14.961 [main] INFO  org.apache.logging.log4j.Logger - Went to Gym listing page.......................
15:44:26.381 [main] INFO  org.apache.logging.log4j.Logger - Completed gym homepage automation.......................
12:33:09.038 [main] INFO  org.apache.logging.log4j.Logger - Starting JustDial homepage automation.......................
12:33:29.338 [main] INFO  org.apache.logging.log4j.Logger - Starting Freelisting homepage automation.......................
12:33:59.280 [main] INFO  org.apache.logging.log4j.Logger - Starting gym homepage automation.......................
12:37:12.603 [main] INFO  org.apache.logging.log4j.Logger - Starting JustDial homepage automation.......................
12:37:33.300 [main] INFO  org.apache.logging.log4j.Logger - Reached JustDial homepage automation.......................
12:37:41.040 [main] INFO  org.apache.logging.log4j.Logger - Location detected.......................
12:37:52.785 [main] INFO  org.apache.logging.log4j.Logger - Reached JustDial carwashing at current location.......................
12:38:00.969 [main] INFO  org.apache.logging.log4j.Logger - Filters are applied.......................
12:38:12.980 [main] INFO  org.apache.logging.log4j.Logger - Completed CarWashServicePage homepage automation.......................
