18:07:22.186 [main] INFO  org.apache.logging.log4j.Logger - Starting JustDial homepage automation.......................
18:07:23.593 [main] INFO  org.apache.logging.log4j.Logger - Reached JustDial homepage automation.......................
18:07:30.463 [main] INFO  org.apache.logging.log4j.Logger - Location detected.......................
18:07:41.599 [main] INFO  org.apache.logging.log4j.Logger - Reached JustDial carwashing at current location.......................
18:09:22.142 [main] INFO  org.apache.logging.log4j.Logger - Starting Freelisting homepage automation.......................
18:09:40.277 [main] INFO  org.apache.logging.log4j.Logger - Reached on Freee listing page.......................
18:10:49.337 [main] INFO  org.apache.logging.log4j.Logger - Starting gym homepage automation.......................
18:10:49.902 [main] INFO  org.apache.logging.log4j.Logger - Went to Gym listing page.......................
18:11:11.721 [main] INFO  org.apache.logging.log4j.Logger - Completed gym homepage automation.......................
18:12:58.704 [main] INFO  org.apache.logging.log4j.Logger - Starting JustDial homepage automation.......................
18:13:00.373 [main] INFO  org.apache.logging.log4j.Logger - Reached JustDial homepage automation.......................
18:13:07.224 [main] INFO  org.apache.logging.log4j.Logger - Location detected.......................
18:13:18.327 [main] INFO  org.apache.logging.log4j.Logger - Reached JustDial carwashing at current location.......................
18:14:40.074 [main] INFO  org.apache.logging.log4j.Logger - Starting Freelisting homepage automation.......................
18:14:58.165 [main] INFO  org.apache.logging.log4j.Logger - Reached on Freee listing page.......................
18:16:06.789 [main] INFO  org.apache.logging.log4j.Logger - Starting gym homepage automation.......................
18:16:10.900 [main] INFO  org.apache.logging.log4j.Logger - Went to Gym listing page.......................
18:16:32.869 [main] INFO  org.apache.logging.log4j.Logger - Completed gym homepage automation.......................
18:20:45.874 [main] INFO  org.apache.logging.log4j.Logger - Starting JustDial homepage automation.......................
18:20:47.160 [main] INFO  org.apache.logging.log4j.Logger - Reached JustDial homepage automation.......................
18:20:53.716 [main] INFO  org.apache.logging.log4j.Logger - Location detected.......................
18:21:04.969 [main] INFO  org.apache.logging.log4j.Logger - Reached JustDial carwashing at current location.......................
18:21:15.855 [main] INFO  org.apache.logging.log4j.Logger - Filters are applied.......................
18:21:49.737 [main] INFO  org.apache.logging.log4j.Logger - Completed CarWashServicePage homepage automation.......................
18:22:51.449 [main] INFO  org.apache.logging.log4j.Logger - Starting Freelisting homepage automation.......................
18:23:31.745 [main] INFO  org.apache.logging.log4j.Logger - Reached on Freee listing page.......................
18:23:32.520 [main] INFO  org.apache.logging.log4j.Logger - Sent the phone no. input.......................
18:23:35.091 [main] INFO  org.apache.logging.log4j.Logger - Error message captured.......................
18:23:35.092 [main] INFO  org.apache.logging.log4j.Logger - Completed Freelisting homepage automation.......................
18:24:41.662 [main] INFO  org.apache.logging.log4j.Logger - Starting gym homepage automation.......................
18:24:42.192 [main] INFO  org.apache.logging.log4j.Logger - Went to Gym listing page.......................
18:24:47.476 [main] INFO  org.apache.logging.log4j.Logger - Completed gym homepage automation.......................
23:56:20.693 [main] INFO  org.apache.logging.log4j.Logger - Starting JustDial homepage automation.......................
23:56:23.741 [main] INFO  org.apache.logging.log4j.Logger - Reached JustDial homepage automation.......................
23:56:32.218 [main] INFO  org.apache.logging.log4j.Logger - Location detected.......................
23:56:45.212 [main] INFO  org.apache.logging.log4j.Logger - Reached JustDial carwashing at current location.......................
23:57:00.230 [main] INFO  org.apache.logging.log4j.Logger - Filters are applied.......................
23:58:36.803 [main] INFO  org.apache.logging.log4j.Logger - Starting Freelisting homepage automation.......................
23:58:43.591 [main] INFO  org.apache.logging.log4j.Logger - Reached on Freee listing page.......................
23:58:44.628 [main] INFO  org.apache.logging.log4j.Logger - Sent the phone no. input.......................
23:58:47.751 [main] INFO  org.apache.logging.log4j.Logger - Error message captured.......................
23:58:47.752 [main] INFO  org.apache.logging.log4j.Logger - Completed Freelisting homepage automation.......................
23:59:25.971 [main] INFO  org.apache.logging.log4j.Logger - Starting gym homepage automation.......................
