09:59:38.680 [main] INFO  org.apache.logging.log4j.Logger - Completed Freelisting homepage automation.......................
10:00:00.425 [main] INFO  org.apache.logging.log4j.Logger - Starting gym homepage automation.......................
10:00:03.781 [main] INFO  org.apache.logging.log4j.Logger - Went to Gym listing page.......................
10:00:17.524 [main] INFO  org.apache.logging.log4j.Logger - Completed gym homepage automation.......................
10:01:10.319 [main] INFO  org.apache.logging.log4j.Logger - Starting JustDial homepage automation.......................
10:01:15.587 [main] INFO  org.apache.logging.log4j.Logger - Reached JustDial homepage automation.......................
10:01:22.113 [main] INFO  org.apache.logging.log4j.Logger - Location detected.......................
10:01:33.459 [main] INFO  org.apache.logging.log4j.Logger - Reached JustDial carwashing at current location.......................
10:01:44.454 [main] INFO  org.apache.logging.log4j.Logger - Filters are applied.......................
10:02:22.363 [main] INFO  org.apache.logging.log4j.Logger - Completed CarWashServicePage homepage automation.......................
10:02:39.975 [main] INFO  org.apache.logging.log4j.Logger - Starting Freelisting homepage automation.......................
10:02:46.199 [main] INFO  org.apache.logging.log4j.Logger - Reached on Freee listing page.......................
10:02:46.853 [main] INFO  org.apache.logging.log4j.Logger - Sent the phone no. input.......................
10:02:49.432 [main] INFO  org.apache.logging.log4j.Logger - Error message captured.......................
10:02:49.529 [main] INFO  org.apache.logging.log4j.Logger - Completed Freelisting homepage automation.......................
10:03:07.629 [main] INFO  org.apache.logging.log4j.Logger - Starting gym homepage automation.......................
10:03:12.163 [main] INFO  org.apache.logging.log4j.Logger - Went to Gym listing page.......................
10:03:21.848 [main] INFO  org.apache.logging.log4j.Logger - Completed gym homepage automation.......................
10:04:20.258 [TestNG-tests-2] INFO  org.apache.logging.log4j.Logger - Starting JustDial homepage automation.......................
10:04:24.586 [TestNG-tests-1] INFO  org.apache.logging.log4j.Logger - Starting JustDial homepage automation.......................
10:04:25.833 [TestNG-tests-2] INFO  org.apache.logging.log4j.Logger - Reached JustDial homepage automation.......................
10:05:02.342 [TestNG-tests-1] INFO  org.apache.logging.log4j.Logger - Starting Freelisting homepage automation.......................
10:05:09.018 [TestNG-tests-1] INFO  org.apache.logging.log4j.Logger - Reached on Freee listing page.......................
10:05:10.075 [TestNG-tests-1] INFO  org.apache.logging.log4j.Logger - Sent the phone no. input.......................
10:05:12.954 [TestNG-tests-1] INFO  org.apache.logging.log4j.Logger - Error message captured.......................
10:05:18.380 [TestNG-tests-1] INFO  org.apache.logging.log4j.Logger - Completed Freelisting homepage automation.......................
10:05:54.637 [TestNG-tests-1] INFO  org.apache.logging.log4j.Logger - Starting gym homepage automation.......................
10:06:19.137 [TestNG-tests-1] INFO  org.apache.logging.log4j.Logger - Went to Gym listing page.......................
10:06:34.303 [TestNG-tests-1] INFO  org.apache.logging.log4j.Logger - Completed gym homepage automation.......................
10:07:51.407 [TestNG-tests-2] INFO  org.apache.logging.log4j.Logger - Starting JustDial homepage automation.......................
10:07:55.847 [TestNG-tests-1] INFO  org.apache.logging.log4j.Logger - Starting JustDial homepage automation.......................
10:07:56.027 [TestNG-tests-2] INFO  org.apache.logging.log4j.Logger - Reached JustDial homepage automation.......................
10:08:43.509 [TestNG-tests-1] INFO  org.apache.logging.log4j.Logger - Starting Freelisting homepage automation.......................
10:08:54.959 [TestNG-tests-1] INFO  org.apache.logging.log4j.Logger - Reached on Freee listing page.......................
10:08:56.460 [TestNG-tests-1] INFO  org.apache.logging.log4j.Logger - Sent the phone no. input.......................
10:08:59.864 [TestNG-tests-1] INFO  org.apache.logging.log4j.Logger - Error message captured.......................
10:09:04.861 [TestNG-tests-1] INFO  org.apache.logging.log4j.Logger - Completed Freelisting homepage automation.......................
10:09:35.027 [TestNG-tests-1] INFO  org.apache.logging.log4j.Logger - Starting gym homepage automation.......................
10:09:39.327 [TestNG-tests-1] INFO  org.apache.logging.log4j.Logger - Went to Gym listing page.......................
10:09:59.378 [TestNG-tests-1] INFO  org.apache.logging.log4j.Logger - Completed gym homepage automation.......................
10:11:49.676 [TestNG-tests-2] INFO  org.apache.logging.log4j.Logger - Starting JustDial homepage automation.......................
