17:52:27.759 [main] INFO  org.apache.logging.log4j.Logger - Filters are applied.......................
17:52:57.523 [main] INFO  org.apache.logging.log4j.Logger - Completed CarWashServicePage homepage automation.......................
11:03:28.575 [main] INFO  org.apache.logging.log4j.Logger - Starting JustDial homepage automation.......................
11:04:41.385 [main] INFO  org.apache.logging.log4j.Logger - Starting JustDial homepage automation.......................
11:05:06.475 [main] INFO  org.apache.logging.log4j.Logger - Reached JustDial homepage automation.......................
11:05:09.197 [main] INFO  org.apache.logging.log4j.Logger - Location detected.......................
11:05:15.416 [main] INFO  org.apache.logging.log4j.Logger - Reached JustDial carwashing at current location.......................
11:05:23.008 [main] INFO  org.apache.logging.log4j.Logger - Filters are applied.......................
11:05:46.143 [main] INFO  org.apache.logging.log4j.Logger - Completed CarWashServicePage homepage automation.......................
11:05:59.887 [main] INFO  org.apache.logging.log4j.Logger - Starting Freelisting homepage automation.......................
11:06:27.206 [main] INFO  org.apache.logging.log4j.Logger - Reached on Freee listing page.......................
11:06:33.309 [main] INFO  org.apache.logging.log4j.Logger - Sent the phone no. input.......................
11:06:34.007 [main] INFO  org.apache.logging.log4j.Logger - Error message captured.......................
11:06:34.159 [main] INFO  org.apache.logging.log4j.Logger - Completed Freelisting homepage automation.......................
11:06:48.531 [main] INFO  org.apache.logging.log4j.Logger - Starting gym homepage automation.......................
11:06:52.293 [main] INFO  org.apache.logging.log4j.Logger - Went to Gym listing page.......................
11:07:06.775 [main] INFO  org.apache.logging.log4j.Logger - Completed gym homepage automation.......................
09:54:43.290 [main] INFO  org.apache.logging.log4j.Logger - Starting JustDial homepage automation.......................
09:54:48.483 [main] INFO  org.apache.logging.log4j.Logger - Reached JustDial homepage automation.......................
09:54:50.938 [main] INFO  org.apache.logging.log4j.Logger - Location detected.......................
09:54:57.267 [main] INFO  org.apache.logging.log4j.Logger - Reached JustDial carwashing at current location.......................
09:55:05.068 [main] INFO  org.apache.logging.log4j.Logger - Filters are applied.......................
09:55:28.739 [main] INFO  org.apache.logging.log4j.Logger - Completed CarWashServicePage homepage automation.......................
09:55:49.391 [main] INFO  org.apache.logging.log4j.Logger - Starting Freelisting homepage automation.......................
09:55:57.179 [main] INFO  org.apache.logging.log4j.Logger - Reached on Freee listing page.......................
09:56:04.016 [main] INFO  org.apache.logging.log4j.Logger - Sent the phone no. input.......................
09:56:04.810 [main] INFO  org.apache.logging.log4j.Logger - Error message captured.......................
09:56:04.945 [main] INFO  org.apache.logging.log4j.Logger - Completed Freelisting homepage automation.......................
09:56:18.915 [main] INFO  org.apache.logging.log4j.Logger - Starting gym homepage automation.......................
09:56:23.211 [main] INFO  org.apache.logging.log4j.Logger - Went to Gym listing page.......................
09:56:36.465 [main] INFO  org.apache.logging.log4j.Logger - Completed gym homepage automation.......................
15:04:07.972 [main] INFO  org.apache.logging.log4j.Logger - Starting JustDial homepage automation.......................
15:04:13.129 [main] INFO  org.apache.logging.log4j.Logger - Reached JustDial homepage automation.......................
15:04:15.334 [main] INFO  org.apache.logging.log4j.Logger - Location detected.......................
15:04:21.355 [main] INFO  org.apache.logging.log4j.Logger - Reached JustDial carwashing at current location.......................
15:06:27.481 [main] INFO  org.apache.logging.log4j.Logger - Starting JustDial homepage automation.......................
15:07:26.802 [main] INFO  org.apache.logging.log4j.Logger - Starting Freelisting homepage automation.......................
15:09:08.023 [main] INFO  org.apache.logging.log4j.Logger - Starting JustDial homepage automation.......................
15:09:14.231 [main] INFO  org.apache.logging.log4j.Logger - Reached JustDial homepage automation.......................
15:09:16.512 [main] INFO  org.apache.logging.log4j.Logger - Location detected.......................
15:09:22.604 [main] INFO  org.apache.logging.log4j.Logger - Reached JustDial carwashing at current location.......................
15:09:30.583 [main] INFO  org.apache.logging.log4j.Logger - Filters are applied.......................
15:09:56.119 [main] INFO  org.apache.logging.log4j.Logger - Completed CarWashServicePage homepage automation.......................
