15:09:37.678 [main] INFO  org.apache.logging.log4j.Logger - Location detected.......................
15:09:48.784 [main] INFO  org.apache.logging.log4j.Logger - Reached JustDial carwashing at current location.......................
15:10:03.493 [main] INFO  org.apache.logging.log4j.Logger - Filters are applied.......................
15:10:41.749 [main] INFO  org.apache.logging.log4j.Logger - Completed CarWashServicePage homepage automation.......................
15:25:52.828 [main] INFO  org.apache.logging.log4j.Logger - Starting JustDial homepage automation.......................
15:25:54.038 [main] INFO  org.apache.logging.log4j.Logger - Reached JustDial homepage automation.......................
15:26:01.386 [main] INFO  org.apache.logging.log4j.Logger - Location detected.......................
15:26:13.603 [main] INFO  org.apache.logging.log4j.Logger - Reached JustDial carwashing at current location.......................
15:26:29.379 [main] INFO  org.apache.logging.log4j.Logger - Filters are applied.......................
15:27:08.150 [main] INFO  org.apache.logging.log4j.Logger - Completed CarWashServicePage homepage automation.......................
15:28:12.588 [main] INFO  org.apache.logging.log4j.Logger - Starting Freelisting homepage automation.......................
15:28:54.354 [main] INFO  org.apache.logging.log4j.Logger - Reached on Freee listing page.......................
15:29:00.632 [main] INFO  org.apache.logging.log4j.Logger - Sent the phone no. input.......................
15:29:03.152 [main] INFO  org.apache.logging.log4j.Logger - Error message captured.......................
15:29:03.279 [main] INFO  org.apache.logging.log4j.Logger - Completed Freelisting homepage automation.......................
15:30:00.287 [main] INFO  org.apache.logging.log4j.Logger - Starting gym homepage automation.......................
15:30:00.903 [main] INFO  org.apache.logging.log4j.Logger - Went to Gym listing page.......................
15:30:14.055 [main] INFO  org.apache.logging.log4j.Logger - Completed gym homepage automation.......................
23:12:10.728 [main] INFO  org.apache.logging.log4j.Logger - Starting JustDial homepage automation.......................
23:12:15.460 [main] INFO  org.apache.logging.log4j.Logger - Reached JustDial homepage automation.......................
23:12:22.575 [main] INFO  org.apache.logging.log4j.Logger - Location detected.......................
23:12:34.103 [main] INFO  org.apache.logging.log4j.Logger - Reached JustDial carwashing at current location.......................
23:12:48.458 [main] INFO  org.apache.logging.log4j.Logger - Filters are applied.......................
23:14:04.275 [main] INFO  org.apache.logging.log4j.Logger - Starting Freelisting homepage automation.......................
23:14:09.993 [main] INFO  org.apache.logging.log4j.Logger - Reached on Freee listing page.......................
23:14:16.127 [main] INFO  org.apache.logging.log4j.Logger - Sent the phone no. input.......................
23:14:18.809 [main] INFO  org.apache.logging.log4j.Logger - Error message captured.......................
23:14:18.917 [main] INFO  org.apache.logging.log4j.Logger - Completed Freelisting homepage automation.......................
23:14:40.997 [main] INFO  org.apache.logging.log4j.Logger - Starting gym homepage automation.......................
23:14:41.505 [main] INFO  org.apache.logging.log4j.Logger - Went to Gym listing page.......................
23:14:54.912 [main] INFO  org.apache.logging.log4j.Logger - Completed gym homepage automation.......................
15:18:40.459 [main] INFO  org.apache.logging.log4j.Logger - Starting JustDial homepage automation.......................
15:18:45.570 [main] INFO  org.apache.logging.log4j.Logger - Reached JustDial homepage automation.......................
15:18:52.129 [main] INFO  org.apache.logging.log4j.Logger - Location detected.......................
15:19:03.184 [main] INFO  org.apache.logging.log4j.Logger - Reached JustDial carwashing at current location.......................
15:19:10.035 [main] INFO  org.apache.logging.log4j.Logger - Filters are applied.......................
15:19:17.889 [main] INFO  org.apache.logging.log4j.Logger - Completed CarWashServicePage homepage automation.......................
15:19:41.168 [main] INFO  org.apache.logging.log4j.Logger - Starting Freelisting homepage automation.......................
15:19:49.098 [main] INFO  org.apache.logging.log4j.Logger - Reached on Freee listing page.......................
15:19:55.117 [main] INFO  org.apache.logging.log4j.Logger - Sent the phone no. input.......................
15:19:55.664 [main] INFO  org.apache.logging.log4j.Logger - Error message captured.......................
15:19:55.767 [main] INFO  org.apache.logging.log4j.Logger - Completed Freelisting homepage automation.......................
15:20:09.036 [main] INFO  org.apache.logging.log4j.Logger - Starting gym homepage automation.......................
