18:01:56.143 [main] INFO  org.apache.logging.log4j.Logger - Starting JustDial homepage automation.......................
18:02:00.239 [main] INFO  org.apache.logging.log4j.Logger - Reached JustDial homepage automation.......................
18:02:01.820 [main] INFO  org.apache.logging.log4j.Logger - Location detected.......................
18:02:07.905 [main] INFO  org.apache.logging.log4j.Logger - Reached JustDial carwashing at current location.......................
18:02:15.227 [main] INFO  org.apache.logging.log4j.Logger - Filters are applied.......................
18:02:47.873 [main] INFO  org.apache.logging.log4j.Logger - Completed CarWashServicePage homepage automation.......................
18:03:04.698 [main] INFO  org.apache.logging.log4j.Logger - Starting Freelisting homepage automation.......................
18:03:12.061 [main] INFO  org.apache.logging.log4j.Logger - Reached on Freee listing page.......................
18:03:18.105 [main] INFO  org.apache.logging.log4j.Logger - Sent the phone no. input.......................
18:03:18.725 [main] INFO  org.apache.logging.log4j.Logger - Error message captured.......................
18:03:18.805 [main] INFO  org.apache.logging.log4j.Logger - Completed Freelisting homepage automation.......................
18:03:31.146 [main] INFO  org.apache.logging.log4j.Logger - Starting gym homepage automation.......................
18:03:35.096 [main] INFO  org.apache.logging.log4j.Logger - Went to Gym listing page.......................
18:03:45.916 [main] INFO  org.apache.logging.log4j.Logger - Completed gym homepage automation.......................
13:29:47.584 [main] INFO  org.apache.logging.log4j.Logger - Starting JustDial homepage automation.......................
13:29:49.049 [main] INFO  org.apache.logging.log4j.Logger - Reached JustDial homepage automation.......................
13:29:51.439 [main] INFO  org.apache.logging.log4j.Logger - Location detected.......................
13:29:57.746 [main] INFO  org.apache.logging.log4j.Logger - Reached JustDial carwashing at current location.......................
13:30:04.653 [main] INFO  org.apache.logging.log4j.Logger - Filters are applied.......................
13:30:38.028 [main] INFO  org.apache.logging.log4j.Logger - Completed CarWashServicePage homepage automation.......................
13:30:55.007 [main] INFO  org.apache.logging.log4j.Logger - Starting Freelisting homepage automation.......................
13:31:05.952 [main] INFO  org.apache.logging.log4j.Logger - Reached on Freee listing page.......................
13:31:11.892 [main] INFO  org.apache.logging.log4j.Logger - Sent the phone no. input.......................
13:31:12.395 [main] INFO  org.apache.logging.log4j.Logger - Error message captured.......................
13:31:12.506 [main] INFO  org.apache.logging.log4j.Logger - Completed Freelisting homepage automation.......................
13:31:25.226 [main] INFO  org.apache.logging.log4j.Logger - Starting gym homepage automation.......................
13:31:29.468 [main] INFO  org.apache.logging.log4j.Logger - Went to Gym listing page.......................
13:31:39.986 [main] INFO  org.apache.logging.log4j.Logger - Completed gym homepage automation.......................
10:18:37.768 [main] INFO  org.apache.logging.log4j.Logger - Starting JustDial homepage automation.......................
10:18:38.981 [main] INFO  org.apache.logging.log4j.Logger - Reached JustDial homepage automation.......................
10:18:41.436 [main] INFO  org.apache.logging.log4j.Logger - Location detected.......................
10:18:47.904 [main] INFO  org.apache.logging.log4j.Logger - Reached JustDial carwashing at current location.......................
10:18:56.093 [main] INFO  org.apache.logging.log4j.Logger - Filters are applied.......................
10:19:29.139 [main] INFO  org.apache.logging.log4j.Logger - Completed CarWashServicePage homepage automation.......................
10:19:51.022 [main] INFO  org.apache.logging.log4j.Logger - Starting Freelisting homepage automation.......................
10:19:55.459 [main] INFO  org.apache.logging.log4j.Logger - Reached on Freee listing page.......................
10:20:01.654 [main] INFO  org.apache.logging.log4j.Logger - Sent the phone no. input.......................
10:20:02.314 [main] INFO  org.apache.logging.log4j.Logger - Error message captured.......................
10:20:02.422 [main] INFO  org.apache.logging.log4j.Logger - Completed Freelisting homepage automation.......................
10:20:20.063 [main] INFO  org.apache.logging.log4j.Logger - Starting gym homepage automation.......................
10:20:21.386 [main] INFO  org.apache.logging.log4j.Logger - Went to Gym listing page.......................
10:23:01.401 [main] INFO  org.apache.logging.log4j.Logger - Starting JustDial homepage automation.......................
10:23:04.285 [main] INFO  org.apache.logging.log4j.Logger - Reached JustDial homepage automation.......................
