01:01:41.327 [main] INFO  org.apache.logging.log4j.Logger - Starting gym homepage automation.......................
01:01:45.014 [main] INFO  org.apache.logging.log4j.Logger - Went to Gym listing page.......................
01:01:52.536 [main] INFO  org.apache.logging.log4j.Logger - Completed gym homepage automation.......................
01:11:00.431 [main] INFO  org.apache.logging.log4j.Logger - Starting JustDial homepage automation.......................
01:11:03.969 [main] INFO  org.apache.logging.log4j.Logger - Reached JustDial homepage automation.......................
01:11:10.573 [main] INFO  org.apache.logging.log4j.Logger - Location detected.......................
01:11:22.097 [main] INFO  org.apache.logging.log4j.Logger - Reached JustDial carwashing at current location.......................
01:11:33.423 [main] INFO  org.apache.logging.log4j.Logger - Filters are applied.......................
01:13:19.814 [main] INFO  org.apache.logging.log4j.Logger - Starting JustDial homepage automation.......................
01:13:23.704 [main] INFO  org.apache.logging.log4j.Logger - Reached JustDial homepage automation.......................
01:13:30.419 [main] INFO  org.apache.logging.log4j.Logger - Location detected.......................
01:13:42.576 [main] INFO  org.apache.logging.log4j.Logger - Reached JustDial carwashing at current location.......................
01:13:55.956 [main] INFO  org.apache.logging.log4j.Logger - Filters are applied.......................
01:14:29.653 [main] INFO  org.apache.logging.log4j.Logger - Completed CarWashServicePage homepage automation.......................
01:15:01.406 [main] INFO  org.apache.logging.log4j.Logger - Starting Freelisting homepage automation.......................
01:15:08.682 [main] INFO  org.apache.logging.log4j.Logger - Reached on Freee listing page.......................
01:15:09.574 [main] INFO  org.apache.logging.log4j.Logger - Sent the phone no. input.......................
01:15:12.432 [main] INFO  org.apache.logging.log4j.Logger - Error message captured.......................
01:15:12.433 [main] INFO  org.apache.logging.log4j.Logger - Completed Freelisting homepage automation.......................
01:15:43.817 [main] INFO  org.apache.logging.log4j.Logger - Starting gym homepage automation.......................
01:15:47.454 [main] INFO  org.apache.logging.log4j.Logger - Went to Gym listing page.......................
01:15:53.943 [main] INFO  org.apache.logging.log4j.Logger - Completed gym homepage automation.......................
10:18:06.572 [main] INFO  org.apache.logging.log4j.Logger - Starting JustDial homepage automation.......................
10:18:10.527 [main] INFO  org.apache.logging.log4j.Logger - Reached JustDial homepage automation.......................
10:18:17.557 [main] INFO  org.apache.logging.log4j.Logger - Location detected.......................
10:18:29.242 [main] INFO  org.apache.logging.log4j.Logger - Reached JustDial carwashing at current location.......................
10:18:42.456 [main] INFO  org.apache.logging.log4j.Logger - Filters are applied.......................
10:19:20.242 [main] INFO  org.apache.logging.log4j.Logger - Starting Freelisting homepage automation.......................
10:19:29.022 [main] INFO  org.apache.logging.log4j.Logger - Reached on Freee listing page.......................
10:19:29.797 [main] INFO  org.apache.logging.log4j.Logger - Sent the phone no. input.......................
10:19:32.432 [main] INFO  org.apache.logging.log4j.Logger - Error message captured.......................
10:19:32.433 [main] INFO  org.apache.logging.log4j.Logger - Completed Freelisting homepage automation.......................
10:19:53.404 [main] INFO  org.apache.logging.log4j.Logger - Starting gym homepage automation.......................
10:19:57.296 [main] INFO  org.apache.logging.log4j.Logger - Went to Gym listing page.......................
10:20:02.296 [main] INFO  org.apache.logging.log4j.Logger - Completed gym homepage automation.......................
