17:22:58.085 [main] INFO  org.apache.logging.log4j.Logger - Sent the phone no. input.......................
17:23:00.693 [main] INFO  org.apache.logging.log4j.Logger - Error message captured.......................
17:23:02.884 [main] INFO  org.apache.logging.log4j.Logger - Completed Freelisting homepage automation.......................
17:23:15.793 [main] INFO  org.apache.logging.log4j.Logger - Starting gym homepage automation.......................
17:23:21.506 [main] INFO  org.apache.logging.log4j.Logger - Went to Gym listing page.......................
17:23:38.245 [main] INFO  org.apache.logging.log4j.Logger - Completed gym homepage automation.......................
17:29:29.394 [main] INFO  org.apache.logging.log4j.Logger - Starting JustDial homepage automation.......................
17:29:34.998 [main] INFO  org.apache.logging.log4j.Logger - Reached JustDial homepage automation.......................
17:29:41.778 [main] INFO  org.apache.logging.log4j.Logger - Location detected.......................
17:29:52.929 [main] INFO  org.apache.logging.log4j.Logger - Reached JustDial carwashing at current location.......................
17:30:07.070 [main] INFO  org.apache.logging.log4j.Logger - Filters are applied.......................
17:30:43.465 [main] INFO  org.apache.logging.log4j.Logger - Completed CarWashServicePage homepage automation.......................
17:31:01.979 [main] INFO  org.apache.logging.log4j.Logger - Starting Freelisting homepage automation.......................
17:31:10.283 [main] INFO  org.apache.logging.log4j.Logger - Reached on Freee listing page.......................
17:31:16.132 [main] INFO  org.apache.logging.log4j.Logger - Sent the phone no. input.......................
17:31:18.651 [main] INFO  org.apache.logging.log4j.Logger - Error message captured.......................
17:31:18.781 [main] INFO  org.apache.logging.log4j.Logger - Completed Freelisting homepage automation.......................
17:31:30.840 [main] INFO  org.apache.logging.log4j.Logger - Starting gym homepage automation.......................
17:31:36.572 [main] INFO  org.apache.logging.log4j.Logger - Went to Gym listing page.......................
17:31:50.092 [main] INFO  org.apache.logging.log4j.Logger - Completed gym homepage automation.......................
10:23:07.573 [TestNG-tests-1] INFO  org.apache.logging.log4j.Logger - Starting Freelisting homepage automation.......................
10:23:14.589 [TestNG-tests-1] INFO  org.apache.logging.log4j.Logger - Reached on Freee listing page.......................
10:23:26.498 [TestNG-tests-2] INFO  org.apache.logging.log4j.Logger - Starting Freelisting homepage automation.......................
10:23:35.208 [TestNG-tests-2] INFO  org.apache.logging.log4j.Logger - Reached on Freee listing page.......................
10:23:47.007 [TestNG-tests-1] INFO  org.apache.logging.log4j.Logger - Starting gym homepage automation.......................
10:23:49.544 [TestNG-tests-1] INFO  org.apache.logging.log4j.Logger - Went to Gym listing page.......................
10:24:13.177 [TestNG-tests-2] INFO  org.apache.logging.log4j.Logger - Starting gym homepage automation.......................
10:24:17.174 [TestNG-tests-2] INFO  org.apache.logging.log4j.Logger - Went to Gym listing page.......................
10:24:46.578 [TestNG-tests-1] INFO  org.apache.logging.log4j.Logger - Starting JustDial homepage automation.......................
10:24:51.833 [TestNG-tests-1] INFO  org.apache.logging.log4j.Logger - Reached JustDial homepage automation.......................
10:24:57.844 [TestNG-tests-1] INFO  org.apache.logging.log4j.Logger - Sent the phone no. input.......................
10:25:03.250 [TestNG-tests-1] INFO  org.apache.logging.log4j.Logger - Error message captured.......................
10:25:12.847 [TestNG-tests-1] INFO  org.apache.logging.log4j.Logger - Completed Freelisting homepage automation.......................
10:25:32.008 [TestNG-tests-2] INFO  org.apache.logging.log4j.Logger - Starting JustDial homepage automation.......................
10:25:36.878 [TestNG-tests-2] INFO  org.apache.logging.log4j.Logger - Reached JustDial homepage automation.......................
10:25:44.489 [TestNG-tests-2] INFO  org.apache.logging.log4j.Logger - Sent the phone no. input.......................
10:25:48.905 [TestNG-tests-2] INFO  org.apache.logging.log4j.Logger - Error message captured.......................
10:25:49.211 [TestNG-tests-2] INFO  org.apache.logging.log4j.Logger - Completed Freelisting homepage automation.......................
10:25:57.844 [TestNG-tests-1] INFO  org.apache.logging.log4j.Logger - Completed gym homepage automation.......................
10:26:14.342 [TestNG-tests-2] INFO  org.apache.logging.log4j.Logger - Completed gym homepage automation.......................
15:09:30.171 [main] INFO  org.apache.logging.log4j.Logger - Starting JustDial homepage automation.......................
15:09:31.185 [main] INFO  org.apache.logging.log4j.Logger - Reached JustDial homepage automation.......................
